2026-06-28 13:12:08,654 - HDCTI - INFO - ### model configuration ###
2026-06-28 13:12:08,655 - HDCTI - INFO - ; datapath=./dataset/Symmap/one.txt
2026-06-28 13:12:08,655 - HDCTI - INFO - datapath=./dataset/TCMsuite/ONE_indices.txt
2026-06-28 13:12:08,655 - HDCTI - INFO - ratings.setup=-columns 0 1 2
2026-06-28 13:12:08,655 - HDCTI - INFO - model.name=HDCTI
2026-06-28 13:12:08,655 - HDCTI - INFO - evaluation.setup=-cv 5
2026-06-28 13:12:08,655 - HDCTI - INFO - num.factors=64
2026-06-28 13:12:08,655 - HDCTI - INFO - num.max.epoch=50
2026-06-28 13:12:08,655 - HDCTI - INFO - batch_size=2000
2026-06-28 13:12:08,655 - HDCTI - INFO - gpu.id=0
2026-06-28 13:12:08,655 - HDCTI - INFO - gpu.allow_growth=True
2026-06-28 13:12:08,655 - HDCTI - INFO - gpu.multiprocessing=False
2026-06-28 13:12:08,655 - HDCTI - INFO - gpu.log_device_placement=False
2026-06-28 13:12:08,655 - HDCTI - INFO - learnRate=-init 0.005 -max 1
2026-06-28 13:12:08,655 - HDCTI - INFO - reg.lambda=-u 0.001 -i 0.001 -b 0.2 -s 0.2
2026-06-28 13:12:08,655 - HDCTI - INFO - output.setup=on -dir ./results/
2026-06-28 13:20:01,559 - HDCTI - INFO - ### model configuration ###
2026-06-28 13:20:01,560 - HDCTI - INFO - ; datapath=./dataset/Symmap/one.txt
2026-06-28 13:20:01,560 - HDCTI - INFO - datapath=./dataset/TCMsuite/ONE_indices.txt
2026-06-28 13:20:01,560 - HDCTI - INFO - ratings.setup=-columns 0 1 2
2026-06-28 13:20:01,560 - HDCTI - INFO - model.name=HDCTI
2026-06-28 13:20:01,560 - HDCTI - INFO - evaluation.setup=-cv 5
2026-06-28 13:20:01,560 - HDCTI - INFO - num.factors=64
2026-06-28 13:20:01,560 - HDCTI - INFO - num.max.epoch=50
2026-06-28 13:20:01,560 - HDCTI - INFO - batch_size=2000
2026-06-28 13:20:01,560 - HDCTI - INFO - gpu.id=0
2026-06-28 13:20:01,560 - HDCTI - INFO - gpu.allow_growth=True
2026-06-28 13:20:01,560 - HDCTI - INFO - gpu.multiprocessing=False
2026-06-28 13:20:01,560 - HDCTI - INFO - gpu.log_device_placement=False
2026-06-28 13:20:01,560 - HDCTI - INFO - learnRate=-init 0.005 -max 1
2026-06-28 13:20:01,560 - HDCTI - INFO - reg.lambda=-u 0.001 -i 0.001 -b 0.2 -s 0.2
2026-06-28 13:20:01,560 - HDCTI - INFO - output.setup=on -dir ./results/
2026-06-28 13:27:53,183 - HDCTI - INFO - ### model configuration ###
2026-06-28 13:27:53,183 - HDCTI - INFO - ; datapath=./dataset/Symmap/one.txt
2026-06-28 13:27:53,183 - HDCTI - INFO - datapath=./dataset/TCMsuite/ONE_indices.txt
2026-06-28 13:27:53,183 - HDCTI - INFO - ratings.setup=-columns 0 1 2
2026-06-28 13:27:53,183 - HDCTI - INFO - model.name=HDCTI
2026-06-28 13:27:53,184 - HDCTI - INFO - evaluation.setup=-cv 5
2026-06-28 13:27:53,184 - HDCTI - INFO - num.factors=64
2026-06-28 13:27:53,184 - HDCTI - INFO - num.max.epoch=50
2026-06-28 13:27:53,184 - HDCTI - INFO - batch_size=2000
2026-06-28 13:27:53,184 - HDCTI - INFO - gpu.id=0
2026-06-28 13:27:53,184 - HDCTI - INFO - gpu.allow_growth=True
2026-06-28 13:27:53,184 - HDCTI - INFO - gpu.multiprocessing=False
2026-06-28 13:27:53,184 - HDCTI - INFO - gpu.log_device_placement=False
2026-06-28 13:27:53,184 - HDCTI - INFO - learnRate=-init 0.005 -max 1
2026-06-28 13:27:53,184 - HDCTI - INFO - reg.lambda=-u 0.001 -i 0.001 -b 0.2 -s 0.2
2026-06-28 13:27:53,184 - HDCTI - INFO - output.setup=on -dir ./results/
2026-06-28 13:35:44,051 - HDCTI - INFO - ### model configuration ###
2026-06-28 13:35:44,051 - HDCTI - INFO - ; datapath=./dataset/Symmap/one.txt
2026-06-28 13:35:44,051 - HDCTI - INFO - datapath=./dataset/TCMsuite/ONE_indices.txt
2026-06-28 13:35:44,051 - HDCTI - INFO - ratings.setup=-columns 0 1 2
2026-06-28 13:35:44,051 - HDCTI - INFO - model.name=HDCTI
2026-06-28 13:35:44,051 - HDCTI - INFO - evaluation.setup=-cv 5
2026-06-28 13:35:44,051 - HDCTI - INFO - num.factors=64
2026-06-28 13:35:44,051 - HDCTI - INFO - num.max.epoch=50
2026-06-28 13:35:44,051 - HDCTI - INFO - batch_size=2000
2026-06-28 13:35:44,051 - HDCTI - INFO - gpu.id=0
2026-06-28 13:35:44,051 - HDCTI - INFO - gpu.allow_growth=True
2026-06-28 13:35:44,052 - HDCTI - INFO - gpu.multiprocessing=False
2026-06-28 13:35:44,052 - HDCTI - INFO - gpu.log_device_placement=False
2026-06-28 13:35:44,052 - HDCTI - INFO - learnRate=-init 0.005 -max 1
2026-06-28 13:35:44,052 - HDCTI - INFO - reg.lambda=-u 0.001 -i 0.001 -b 0.2 -s 0.2
2026-06-28 13:35:44,052 - HDCTI - INFO - output.setup=on -dir ./results/
